<?xml version="1.0" encoding="UTF-8"?>
<testsuite name="ru.qa_guru3.SimpleJUnitTest" tests="2" skipped="0" failures="0" errors="0" timestamp="2024-03-18T17:43:30" hostname="Pavels-MacBook-Pro.local" time="0.016">
  <properties/>
  <testcase name="firstTest()" classname="ru.qa_guru3.SimpleJUnitTest" time="0.013"/>
  <testcase name="secondTest()" classname="ru.qa_guru3.SimpleJUnitTest" time="0.001"/>
  <system-out><![CDATA[###  @BeforeEach
###  @Test firstTest
###  @BeforeEach
###  @Test secondTest
]]></system-out>
  <system-err><![CDATA[]]></system-err>
</testsuite>
